\BOOKMARK [1][-]{section.1}{Introduction\040and\040contextualization}{}% 1
\BOOKMARK [2][-]{subsection.1.1}{The\040Auto-Regressive\040vs.\040Diffusion\040Paradigm}{section.1}% 2
\BOOKMARK [2][-]{subsection.1.2}{Current\040Limitations\040and\040Challenges\040in\040Discrete\040Diffusion}{section.1}% 3
\BOOKMARK [2][-]{subsection.1.3}{Stakeholders}{section.1}% 4
\BOOKMARK [1][-]{section.2}{Background}{}% 5
\BOOKMARK [2][-]{subsection.2.1}{Continuous\040Diffusion\040Models}{section.2}% 6
\BOOKMARK [2][-]{subsection.2.2}{Discrete\040Diffusion\040Models\040for\040Text}{section.2}% 7
\BOOKMARK [3][-]{subsubsection.2.2.1}{Masked\040Diffusion}{subsection.2.2}% 8
\BOOKMARK [3][-]{subsubsection.2.2.2}{LLaDA}{subsection.2.2}% 9
\BOOKMARK [3][-]{subsubsection.2.2.3}{MDLM}{subsection.2.2}% 10
\BOOKMARK [2][-]{subsection.2.3}{The\040Transformer\040Architecture}{section.2}% 11
\BOOKMARK [2][-]{subsection.2.4}{Knowledge\040Distillation}{section.2}% 12
\BOOKMARK [3][-]{subsubsection.2.4.1}{Progressive\040Distillation\040for\040Diffusion\040Models}{subsection.2.4}% 13
\BOOKMARK [2][-]{subsection.2.5}{Gradient\040Estimation\040over\040Discrete\040Variables}{section.2}% 14
\BOOKMARK [2][-]{subsection.2.6}{Parameter-Efficient\040Fine-Tuning:\040LoRA}{section.2}% 15
\BOOKMARK [1][-]{section.3}{Methodology}{}% 16
\BOOKMARK [2][-]{subsection.3.1}{Pipeline\040overview}{section.3}% 17
\BOOKMARK [2][-]{subsection.3.2}{Distillation\040loss\040and\040gradient\040flow}{section.3}% 18
\BOOKMARK [2][-]{subsection.3.3}{Step\040compression\040strategy}{section.3}% 19
\BOOKMARK [2][-]{subsection.3.4}{LoRA\040integration\040and\040hyperparameters}{section.3}% 20
\BOOKMARK [2][-]{subsection.3.5}{Training\040protocol\040and\040implementation\040details}{section.3}% 21
\BOOKMARK [2][-]{subsection.3.6}{Evaluation\040protocol}{section.3}% 22
\BOOKMARK [1][-]{section.4}{Justification\040of\040the\040chosen\040resolution\040alternative}{}% 23
\BOOKMARK [2][-]{subsection.4.1}{Methodological\040Choice:\040Progressive\040Distillation\040vs.\040Alternatives}{section.4}% 24
\BOOKMARK [2][-]{subsection.4.2}{Scientific\040Innovation}{section.4}% 25
\BOOKMARK [2][-]{subsection.4.3}{Efficiency\040and\040Green\040AI}{section.4}% 26
\BOOKMARK [2][-]{subsection.4.4}{Commercial\040Viability}{section.4}% 27
\BOOKMARK [2][-]{subsection.4.5}{Economic\040Impact}{section.4}% 28
\BOOKMARK [1][-]{section.5}{Scope\040of\040the\040project}{}% 29
\BOOKMARK [2][-]{subsection.5.1}{General\040and\040Specific\040Objectives\040\(SMART\)}{section.5}% 30
\BOOKMARK [2][-]{subsection.5.2}{In-Scope\040vs.\040Out-of-Scope}{section.5}% 31
\BOOKMARK [2][-]{subsection.5.3}{Functional\040and\040Non-Functional\040Requirements}{section.5}% 32
\BOOKMARK [3][-]{subsubsection.5.3.1}{Functional\040Requirements}{subsection.5.3}% 33
\BOOKMARK [3][-]{subsubsection.5.3.2}{Non-Functional\040Requirements}{subsection.5.3}% 34
\BOOKMARK [2][-]{subsection.5.4}{Validation\040Strategy\040and\040Metrics}{section.5}% 35
\BOOKMARK [1][-]{section.6}{Time\040planning}{}% 36
\BOOKMARK [2][-]{subsection.6.1}{Global\040Project\040Parameters\040and\040Methodology}{section.6}% 37
\BOOKMARK [2][-]{subsection.6.2}{Work\040Breakdown\040Structure\040\(WBS\)}{section.6}% 38
\BOOKMARK [2][-]{subsection.6.3}{Task\040Summary\040and\040Resources\040Table}{section.6}% 39
\BOOKMARK [2][-]{subsection.6.4}{Agile\040Gantt\040Chart}{section.6}% 40
\BOOKMARK [2][-]{subsection.6.5}{Risk\040Management\040&\040Alternative\040Plans}{section.6}% 41
\BOOKMARK [1][-]{section.7}{Budget}{}% 42
\BOOKMARK [2][-]{subsection.7.1}{Identification\040of\040Costs\040and\040Staff\040Estimates}{section.7}% 43
\BOOKMARK [2][-]{subsection.7.2}{General\040Costs\040and\040Amortization}{section.7}% 44
\BOOKMARK [2][-]{subsection.7.3}{Contingencies\040and\040Incidentals}{section.7}% 45
\BOOKMARK [2][-]{subsection.7.4}{Total\040Budget\040Summary}{section.7}% 46
\BOOKMARK [2][-]{subsection.7.5}{Management\040Control}{section.7}% 47
\BOOKMARK [1][-]{section.8}{Sustainability\040and\040social\040commitment}{}% 48
\BOOKMARK [2][-]{subsection.8.1}{Self-Assessment\040Summary}{section.8}% 49
\BOOKMARK [2][-]{subsection.8.2}{Economic\040Dimension}{section.8}% 50
\BOOKMARK [2][-]{subsection.8.3}{Environmental\040Dimension}{section.8}% 51
\BOOKMARK [2][-]{subsection.8.4}{Social\040Dimension}{section.8}% 52
